<?xml version="1.0" encoding="UTF-8"?>
<!-- Generated by org.testng.reporters.JUnitReportReporter -->
<testsuite hostname="LIN80030175" failures="0" tests="1" name="SelPrac.CheckboxTest" time="10.010" errors="0" timestamp="21 Dec 2021 14:39:39 GMT" skipped="0">
  <testcase classname="SelPrac.CheckboxTest" name="test" time="10.010"/>
</testsuite> <!-- SelPrac.CheckboxTest -->
